MPASM  5.35beta                           LCD.ASM   5-30-2010  0:26:29         PAGE  1


LOC  OBJECT CODE     LINE SOURCE TEXT
  VALUE

                      00001         #include <p16f877.inc>
                      00001         LIST
                      00002 ; P16F877.INC  Standard Header File, Version 1.00    Microchip Technology, Inc.
                      00373         LIST
                      00002         
                      00003         ;Declare unbanked variables (at 0x70 and on)
                      00004         udata_shr
0000                  00005 lcd_tmp res     1
0001                  00006 lcd_d1  res     1
0002                  00007 lcd_d2  res     1
                      00008 
  00000020            00009 com             EQU     0x20
  00000021            00010 dat             EQU 0x21
                      00011 
                      00012         ;Declare constants for pin assignments (LCD on PORTD)
                      00013 #define RS      PORTD,2
                      00014 #define E       PORTD,3
                      00015 
                      00016 ;Delay: ~160us
                      00017 LCD_DELAY macro
                      00018         movlw   0xFF
                      00019         movwf   lcd_d1
                      00020         decfsz  lcd_d1,f
                      00021         goto    $-1
                      00022         endm
                      00023         
                      00024         code
  0000                00025         global InitLCD,WR_INS,WR_DATA,ClrLCD            ;Only these functions are visible to other asm f
                            iles.
                      00026     ;***********************************
0000                  00027 InitLCD
0000   1283           00028         bcf STATUS,RP0
0001   1588           00029         bsf E     ;E default high
                      00030         
                      00031         ;Wait for LCD POR to finish (~15ms)
0002   2???           00032         call lcdLongDelay
0003   2???           00033         call lcdLongDelay
0004   2???           00034         call lcdLongDelay
                      00035 
                      00036         ;Ensure 8-bit mode first (no way to immediately guarantee 4-bit mode)
                      00037         ; -> Send b'0011' 3 times
0005   3033           00038         movlw   b'00110011'
0006   2???           00039         call    WR_INS
0007   3032           00040         movlw   b'00110010'
0008   2???           00041         call    WR_INS
                      00042 
                      00043         ; 4 bits, 2 lines, 5x7 dots
0009   3028           00044         movlw   b'00101000'
000A   2???           00045         call    WR_INS
                      00046 
                      00047         ; display on/off
000B   300C           00048         movlw   b'00001100'
000C   2???           00049         call    WR_INS
MPASM  5.35beta                           LCD.ASM   5-30-2010  0:26:29         PAGE  2


LOC  OBJECT CODE     LINE SOURCE TEXT
  VALUE

                      00050         
                      00051         ; Entry mode
000D   3006           00052         movlw   b'00000110'
000E   2???           00053         call    WR_INS
                      00054 
                      00055         ; Clear ram
000F   3001           00056         movlw   b'00000001'
0010   2???           00057         call    WR_INS
0011   0008           00058         return
                      00059     ;************************************
                      00060 
                      00061     ;ClrLCD: Clear the LCD display
0012                  00062 ClrLCD
0012   3001           00063         movlw   B'00000001'
0013   2???           00064         call    WR_INS
0014   0008           00065     return
                      00066 
                      00067     ;****************************************
                      00068     ; Write command to LCD - Input : W , output : -
                      00069     ;****************************************
0015                  00070 WR_INS
0015   1108           00071         bcf             RS                              ;clear RS
0016   00A0           00072         movwf   com                             ;W --> com
0017   39F0           00073         andlw   0xF0                    ;mask 4 bits MSB w = X0
0018   0088           00074         movwf   PORTD                   ;Send 4 bits MSB
0019   1588           00075         bsf             E                               ;
001A   2???           00076         call    lcdLongDelay    ;__    __
001B   1188           00077         bcf             E                               ;  |__|
001C   0E20           00078         swapf   com,w
001D   39F0           00079         andlw   0xF0                    ;1111 0010
001E   0088           00080         movwf   PORTD                   ;send 4 bits LSB
001F   1588           00081         bsf             E                               ;
0020   2???           00082         call    lcdLongDelay    ;__    __
0021   1188           00083         bcf             E                               ;  |__|
0022   2???           00084         call    lcdLongDelay
0023   0008           00085         return
                      00086 
                      00087     ;****************************************
                      00088     ; Write data to LCD - Input : W , output : -
                      00089     ;****************************************
0024                  00090 WR_DATA
0024   1508           00091         bsf             RS                              
0025   00A1           00092         movwf   dat
0026   0821           00093         movf    dat,w
0027   39F0           00094         andlw   0xF0            
0028   3E04           00095         addlw   4
0029   0088           00096         movwf   PORTD           
002A   1588           00097         bsf             E                               ;
002B   2???           00098         call    lcdLongDelay    ;__    __
002C   1188           00099         bcf             E                               ;  |__|
002D   0E21           00100         swapf   dat,w
002E   39F0           00101         andlw   0xF0            
002F   3E04           00102         addlw   4
MPASM  5.35beta                           LCD.ASM   5-30-2010  0:26:29         PAGE  3


LOC  OBJECT CODE     LINE SOURCE TEXT
  VALUE

0030   0088           00103         movwf   PORTD           
0031   1588           00104         bsf             E                               ;
0032   2???           00105         call    lcdLongDelay    ;__    __
0033   1188           00106         bcf             E                               ;  |__|
0034   0008           00107         return
                      00108 
0035                  00109 lcdLongDelay
0035   3014           00110     movlw d'20'
0036   00??           00111     movwf lcd_d2
0037                  00112 LLD_LOOP
                      00113     LCD_DELAY
0037   30FF               M         movlw   0xFF
0038   00??               M         movwf   lcd_d1
0039   0B??               M         decfsz  lcd_d1,f
003A   2???               M         goto    $-1
003B   0B??           00114     decfsz lcd_d2,f
003C   2???           00115     goto LLD_LOOP
003D   0008           00116     return
                      00117     
                      00118     end
MPASM  5.35beta                           LCD.ASM   5-30-2010  0:26:29         PAGE  4


SYMBOL TABLE
  LABEL                             VALUE 

ACKDT                             00000005
ACKEN                             00000004
ACKSTAT                           00000006
ADCON0                            0000001F
ADCON1                            0000009F
ADCS0                             00000006
ADCS1                             00000007
ADDEN                             00000003
ADFM                              00000007
ADIE                              00000006
ADIF                              00000006
ADON                              00000000
ADRESH                            0000001E
ADRESL                            0000009E
BCLIE                             00000003
BCLIF                             00000003
BF                                00000000
BRGH                              00000002
C                                 00000000
CCP1CON                           00000017
CCP1IE                            00000002
CCP1IF                            00000002
CCP1M0                            00000000
CCP1M1                            00000001
CCP1M2                            00000002
CCP1M3                            00000003
CCP1X                             00000005
CCP1Y                             00000004
CCP2CON                           0000001D
CCP2IE                            00000000
CCP2IF                            00000000
CCP2M0                            00000000
CCP2M1                            00000001
CCP2M2                            00000002
CCP2M3                            00000003
CCP2X                             00000005
CCP2Y                             00000004
CCPR1H                            00000016
CCPR1L                            00000015
CCPR2H                            0000001C
CCPR2L                            0000001B
CHS0                              00000003
CHS1                              00000004
CHS2                              00000005
CKE                               00000006
CKP                               00000004
CREN                              00000004
CSRC                              00000007
ClrLCD                            00000012
D                                 00000005
DATA_ADDRESS                      00000005
DC                                00000001
D_A                               00000005
MPASM  5.35beta                           LCD.ASM   5-30-2010  0:26:29         PAGE  5


SYMBOL TABLE
  LABEL                             VALUE 

E                                 PORTD,3
EEADR                             0000010D
EEADRH                            0000010F
EECON1                            0000018C
EECON2                            0000018D
EEDATA                            0000010C
EEDATH                            0000010E
EEIE                              00000004
EEIF                              00000004
EEPGD                             00000007
F                                 00000001
FERR                              00000002
FSR                               00000004
GCEN                              00000007
GIE                               00000007
GO                                00000002
GO_DONE                           00000002
I2C_DATA                          00000005
I2C_READ                          00000002
I2C_START                         00000003
I2C_STOP                          00000004
IBF                               00000007
IBOV                              00000005
INDF                              00000000
INTCON                            0000000B
INTE                              00000004
INTEDG                            00000006
INTF                              00000001
IRP                               00000007
InitLCD                           00000000
LCD_DELAY                         
LLD_LOOP                          00000037
NOT_A                             00000005
NOT_ADDRESS                       00000005
NOT_BO                            00000000
NOT_BOR                           00000000
NOT_DONE                          00000002
NOT_PD                            00000003
NOT_POR                           00000001
NOT_RBPU                          00000007
NOT_RC8                           00000006
NOT_T1SYNC                        00000002
NOT_TO                            00000004
NOT_TX8                           00000006
NOT_W                             00000002
NOT_WRITE                         00000002
OBF                               00000006
OERR                              00000001
OPTION_REG                        00000081
P                                 00000004
PCFG0                             00000000
PCFG1                             00000001
PCFG2                             00000002
MPASM  5.35beta                           LCD.ASM   5-30-2010  0:26:29         PAGE  6


SYMBOL TABLE
  LABEL                             VALUE 

PCFG3                             00000003
PCL                               00000002
PCLATH                            0000000A
PCON                              0000008E
PEIE                              00000006
PEN                               00000002
PIE1                              0000008C
PIE2                              0000008D
PIR1                              0000000C
PIR2                              0000000D
PORTA                             00000005
PORTB                             00000006
PORTC                             00000007
PORTD                             00000008
PORTE                             00000009
PR2                               00000092
PS0                               00000000
PS1                               00000001
PS2                               00000002
PSA                               00000003
PSPIE                             00000007
PSPIF                             00000007
PSPMODE                           00000004
R                                 00000002
RBIE                              00000003
RBIF                              00000000
RC8_9                             00000006
RC9                               00000006
RCD8                              00000000
RCEN                              00000003
RCIE                              00000005
RCIF                              00000005
RCREG                             0000001A
RCSTA                             00000018
RD                                00000000
READ_WRITE                        00000002
RP0                               00000005
RP1                               00000006
RS                                PORTD,2
RSEN                              00000001
RX9                               00000006
RX9D                              00000000
R_W                               00000002
S                                 00000003
SEN                               00000000
SMP                               00000007
SPBRG                             00000099
SPEN                              00000007
SREN                              00000005
SSPADD                            00000093
SSPBUF                            00000013
SSPCON                            00000014
SSPCON2                           00000091
MPASM  5.35beta                           LCD.ASM   5-30-2010  0:26:29         PAGE  7


SYMBOL TABLE
  LABEL                             VALUE 

SSPEN                             00000005
SSPIE                             00000003
SSPIF                             00000003
SSPM0                             00000000
SSPM1                             00000001
SSPM2                             00000002
SSPM3                             00000003
SSPOV                             00000006
SSPSTAT                           00000094
STATUS                            00000003
SYNC                              00000004
T0CS                              00000005
T0IE                              00000005
T0IF                              00000002
T0SE                              00000004
T1CKPS0                           00000004
T1CKPS1                           00000005
T1CON                             00000010
T1INSYNC                          00000002
T1OSCEN                           00000003
T1SYNC                            00000002
T2CKPS0                           00000000
T2CKPS1                           00000001
T2CON                             00000012
TMR0                              00000001
TMR1CS                            00000001
TMR1H                             0000000F
TMR1IE                            00000000
TMR1IF                            00000000
TMR1L                             0000000E
TMR1ON                            00000000
TMR2                              00000011
TMR2IE                            00000001
TMR2IF                            00000001
TMR2ON                            00000002
TOUTPS0                           00000003
TOUTPS1                           00000004
TOUTPS2                           00000005
TOUTPS3                           00000006
TRISA                             00000085
TRISB                             00000086
TRISC                             00000087
TRISD                             00000088
TRISE                             00000089
TRISE0                            00000000
TRISE1                            00000001
TRISE2                            00000002
TRMT                              00000001
TX8_9                             00000006
TX9                               00000006
TX9D                              00000000
TXD8                              00000000
TXEN                              00000005
MPASM  5.35beta                           LCD.ASM   5-30-2010  0:26:29         PAGE  8


SYMBOL TABLE
  LABEL                             VALUE 

TXIE                              00000004
TXIF                              00000004
TXREG                             00000019
TXSTA                             00000098
UA                                00000001
W                                 00000000
WCOL                              00000007
WR                                00000001
WREN                              00000002
WRERR                             00000003
WR_DATA                           00000024
WR_INS                            00000015
Z                                 00000002
_.code_003A                       0000003A
_BODEN_OFF                        00003FBF
_BODEN_ON                         00003FFF
_CPD_OFF                          00003FFF
_CPD_ON                           00003EFF
_CP_ALL                           00000FCF
_CP_HALF                          00001FDF
_CP_OFF                           00003FFF
_CP_UPPER_256                     00002FEF
_DEBUG_OFF                        00003FFF
_DEBUG_ON                         000037FF
_HS_OSC                           00003FFE
_LP_OSC                           00003FFC
_LVP_OFF                          00003F7F
_LVP_ON                           00003FFF
_PWRTE_OFF                        00003FFF
_PWRTE_ON                         00003FF7
_RC_OSC                           00003FFF
_WDT_OFF                          00003FFB
_WDT_ON                           00003FFF
_WRT_ENABLE_OFF                   00003DFF
_WRT_ENABLE_ON                    00003FFF
_XT_OSC                           00003FFD
__16F877                          00000001
com                               00000020
dat                               00000021
lcdLongDelay                      00000035
lcd_d1                            00000001
lcd_d2                            00000002
lcd_tmp                           00000000

Errors   :     0
Warnings :     0 reported,     0 suppressed
Messages :     0 reported,     0 suppressed

