gpasm-0.13.7 beta               main.asm    1-13-2011  00:12:24          PAGE  1


LOC  OBJECT CODE     LINE SOURCE TEXT
  VALUE
 
               00001 ;*******************************************************************
               00002 ; Keypad/LCD Test Code
               00003 ; Assembler : mpasm.exe
               00004 ; Linker    : mplink.exe
               00005 ; Written By : Kevin Lam
               00006 ;
               00007 ; Notes: You may notice that this code uses unusual directives such
               00008 ;        as 'code', 'udata_shr', 'global', 'extern', etc.
               00009 ;        This is an example of a project implementing the concept of
               00010 ;        'relocatable code'. The individual assembly files are
               00011 ;        compiled into .o files, similar to what happens in C,
               00012 ;        and then linked together at the end. In order to build
               00013 ;        this kind of project, go to Project->Build Options->Project,
               00014 ;        then under the MPASM tab, check "Use Alternate Settings"
               00015 ;        and type /o in the corresponding textbox. You'll also need
               00016 ;        to add an appropriate linker script to the project, which
               00017 ;        can be found in MPLAB's program folder. The advantage of
               00018 ;        using relocatable code, is that sets of functions can be
               00019 ;        compiled as separate units into object files (or libraries)
               00020 ;        and then imported into any other project, without worrying
               00021 ;        about conflicting variables/code locations etc. This makes
               00022 ;        modular programming easier in many cases.
               00023 ;*******************************************************************
               00024 
Warning [215] : Processor superseded by command line.
               00025       list p=16f877                 ; list directive to define processor
               00026       #include <p16f877.inc>        ; processor specific variable definitions
               00001         LIST
               00002 ; P16F877.INC  Standard Header File, Version 1.00    Microchip Technology, Inc.
               00373         LIST
002007 0000    00027       __CONFIG _CP_OFF & _WDT_OFF & _BODEN_ON & _PWRTE_ON & _HS_OSC & _WRT_ENABLE_ON & _CPD_OFF & _LVP_ON
               00028 
               00029       #include <lcd.inc>                           ;Import LCD control functions from lcd.asm
               00030 
               00031          ORG       0x0000     ;RESET vector must always be at 0x00
0000 2800      00032          goto      init       ;Just jump to the main code section.
               00033          
               00034          code     ;'code' lets the linker decide where in
               00035                   ;program memory to put these instructions.
0000 00036 init
0000 018B      00037          clrf      INTCON         ; No interrupts
0001 1683      00038          bsf       STATUS,RP0     ; select bank 1
0002 0185      00039          clrf      TRISA          ; All port A is output
0003 30F2      00040          movlw     b'11110010'    ; Set required keypad inputs
0004 0086      00041          movwf     TRISB
0005 0187      00042          clrf      TRISC          ; All port C is output
0006 0188      00043          clrf      TRISD          ; All port D is output
               00044 
0007 1283      00045          bcf       STATUS,RP0     ; select bank 0
0008 0185      00046          clrf      PORTA
0009 0186      00047          clrf      PORTB
000A 0187      00048          clrf      PORTC
000B 0188      00049          clrf      PORTD
               00050           
gpasm-0.13.7 beta               main.asm    1-13-2011  00:12:24          PAGE  2


LOC  OBJECT CODE     LINE SOURCE TEXT
  VALUE
 
000C 2000      00051          call      InitLCD    ;Initialize the LCD (code in lcd.asm; imported by lcd.inc)
               00052 
000D 1C86      00053 test     btfss          PORTB,1     ;Wait until data is available from the keypad
000E 2800      00054          goto           $-1 
               00055 
000F 0E06      00056          swapf          PORTB,W     ;Read PortB<7:4> into W<3:0>
0010 390F      00057          andlw          0x0F
0011 0782      00058          addwf     PCL,f
0012 3431 3432 00059           dt        "123A456B789C*0#D"
     3433 3441 
     3434 3435 
     3436 3442 
     3437 3438 
     3439 3443 
     342A 3430 
     3423 3444 
0022 2000      00060          call     WR_DATA      ;Write the value in W to LCD
               00061 
0023 1886      00062          btfsc          PORTB,1     ;Wait until key is released
0024 2800      00063          goto           $-1
0025 2800      00064          goto     test
               00065 
               00066 
gpasm-0.13.7 beta               main.asm    1-13-2011  00:12:24          PAGE  3


SYMBOL TABLE
  LABEL                             VALUE 

ACKDT                             00000005
ACKEN                             00000004
ACKSTAT                           00000006
ADCON0                            0000001F
ADCON1                            0000009F
ADCS0                             00000006
ADCS1                             00000007
ADDEN                             00000003
ADFM                              00000007
ADIE                              00000006
ADIF                              00000006
ADON                              00000000
ADRESH                            0000001E
ADRESL                            0000009E
BCLIE                             00000003
BCLIF                             00000003
BF                                00000000
BRGH                              00000002
C                                 00000000
CCP1CON                           00000017
CCP1IE                            00000002
CCP1IF                            00000002
CCP1M0                            00000000
CCP1M1                            00000001
CCP1M2                            00000002
CCP1M3                            00000003
CCP1X                             00000005
CCP1Y                             00000004
CCP2CON                           0000001D
CCP2IE                            00000000
CCP2IF                            00000000
CCP2M0                            00000000
CCP2M1                            00000001
CCP2M2                            00000002
CCP2M3                            00000003
CCP2X                             00000005
CCP2Y                             00000004
CCPR1H                            00000016
CCPR1L                            00000015
CCPR2H                            0000001C
CCPR2L                            0000001B
CHS0                              00000003
CHS1                              00000004
CHS2                              00000005
CKE                               00000006
CKP                               00000004
CREN                              00000004
CSRC                              00000007
ClrLCD                            00000000
D                                 00000005
DATA_ADDRESS                      00000005
DC                                00000001
D_A                               00000005
gpasm-0.13.7 beta               main.asm    1-13-2011  00:12:24          PAGE  4


LOC  OBJECT CODE     LINE SOURCE TEXT
  VALUE
 
EEADR                             0000010D
EEADRH                            0000010F
EECON1                            0000018C
EECON2                            0000018D
EEDATA                            0000010C
EEDATH                            0000010E
EEIE                              00000004
EEIF                              00000004
EEPGD                             00000007
F                                 00000001
FERR                              00000002
FSR                               00000004
GCEN                              00000007
GIE                               00000007
GO                                00000002
GO_DONE                           00000002
I2C_DATA                          00000005
I2C_READ                          00000002
I2C_START                         00000003
I2C_STOP                          00000004
IBF                               00000007
IBOV                              00000005
INDF                              00000000
INTCON                            0000000B
INTE                              00000004
INTEDG                            00000006
INTF                              00000001
IRP                               00000007
InitLCD                           00000000
NOT_A                             00000005
NOT_ADDRESS                       00000005
NOT_BO                            00000000
NOT_BOR                           00000000
NOT_DONE                          00000002
NOT_PD                            00000003
NOT_POR                           00000001
NOT_RBPU                          00000007
NOT_RC8                           00000006
NOT_T1SYNC                        00000002
NOT_TO                            00000004
NOT_TX8                           00000006
NOT_W                             00000002
NOT_WRITE                         00000002
OBF                               00000006
OERR                              00000001
OPTION_REG                        00000081
P                                 00000004
PCFG0                             00000000
PCFG1                             00000001
PCFG2                             00000002
PCFG3                             00000003
PCL                               00000002
PCLATH                            0000000A
PCON                              0000008E
gpasm-0.13.7 beta               main.asm    1-13-2011  00:12:24          PAGE  5


LOC  OBJECT CODE     LINE SOURCE TEXT
  VALUE
 
PEIE                              00000006
PEN                               00000002
PIE1                              0000008C
PIE2                              0000008D
PIR1                              0000000C
PIR2                              0000000D
PORTA                             00000005
PORTB                             00000006
PORTC                             00000007
PORTD                             00000008
PORTE                             00000009
PR2                               00000092
PS0                               00000000
PS1                               00000001
PS2                               00000002
PSA                               00000003
PSPIE                             00000007
PSPIF                             00000007
PSPMODE                           00000004
R                                 00000002
RBIE                              00000003
RBIF                              00000000
RC8_9                             00000006
RC9                               00000006
RCD8                              00000000
RCEN                              00000003
RCIE                              00000005
RCIF                              00000005
RCREG                             0000001A
RCSTA                             00000018
RD                                00000000
READ_WRITE                        00000002
RP0                               00000005
RP1                               00000006
RSEN                              00000001
RX9                               00000006
RX9D                              00000000
R_W                               00000002
S                                 00000003
SEN                               00000000
SMP                               00000007
SPBRG                             00000099
SPEN                              00000007
SREN                              00000005
SSPADD                            00000093
SSPBUF                            00000013
SSPCON                            00000014
SSPCON2                           00000091
SSPEN                             00000005
SSPIE                             00000003
SSPIF                             00000003
SSPM0                             00000000
SSPM1                             00000001
SSPM2                             00000002
gpasm-0.13.7 beta               main.asm    1-13-2011  00:12:24          PAGE  6


LOC  OBJECT CODE     LINE SOURCE TEXT
  VALUE
 
SSPM3                             00000003
SSPOV                             00000006
SSPSTAT                           00000094
STATUS                            00000003
SYNC                              00000004
T0CS                              00000005
T0IE                              00000005
T0IF                              00000002
T0SE                              00000004
T1CKPS0                           00000004
T1CKPS1                           00000005
T1CON                             00000010
T1INSYNC                          00000002
T1OSCEN                           00000003
T1SYNC                            00000002
T2CKPS0                           00000000
T2CKPS1                           00000001
T2CON                             00000012
TMR0                              00000001
TMR1CS                            00000001
TMR1H                             0000000F
TMR1IE                            00000000
TMR1IF                            00000000
TMR1L                             0000000E
TMR1ON                            00000000
TMR2                              00000011
TMR2IE                            00000001
TMR2IF                            00000001
TMR2ON                            00000002
TOUTPS0                           00000003
TOUTPS1                           00000004
TOUTPS2                           00000005
TOUTPS3                           00000006
TRISA                             00000085
TRISB                             00000086
TRISC                             00000087
TRISD                             00000088
TRISE                             00000089
TRISE0                            00000000
TRISE1                            00000001
TRISE2                            00000002
TRMT                              00000001
TX8_9                             00000006
TX9                               00000006
TX9D                              00000000
TXD8                              00000000
TXEN                              00000005
TXIE                              00000004
TXIF                              00000004
TXREG                             00000019
TXSTA                             00000098
UA                                00000001
W                                 00000000
WCOL                              00000007
gpasm-0.13.7 beta               main.asm    1-13-2011  00:12:24          PAGE  7


LOC  OBJECT CODE     LINE SOURCE TEXT
  VALUE
 
WR                                00000001
WREN                              00000002
WRERR                             00000003
WR_DATA                           00000000
WR_INS                            00000000
Z                                 00000002
_.code_00000e                     0000000E
_.code_000024                     00000024
_BODEN_OFF                        00003FBF
_BODEN_ON                         00003FFF
_CPD_OFF                          00003FFF
_CPD_ON                           00003EFF
_CP_ALL                           00000FCF
_CP_HALF                          00001FDF
_CP_OFF                           00003FFF
_CP_UPPER_256                     00002FEF
_DEBUG_OFF                        00003FFF
_DEBUG_ON                         000037FF
_HS_OSC                           00003FFE
_LP_OSC                           00003FFC
_LVP_OFF                          00003F7F
_LVP_ON                           00003FFF
_PWRTE_OFF                        00003FFF
_PWRTE_ON                         00003FF7
_RC_OSC                           00003FFF
_WDT_OFF                          00003FFB
_WDT_ON                           00003FFF
_WRT_ENABLE_OFF                   00003DFF
_WRT_ENABLE_ON                    00003FFF
_XT_OSC                           00003FFD
__16F877                          00000001
init                              00000000
test                              0000000D


Errors   :       0
Warnings :       1 reported,       0 suppressed
Messages :       0 reported,       0 suppressed

